Determining if the pthread_create exist failed with the following output:
Change Dir: /home/browse/Documents/summer_2019/RASM/rasm-software/build/temp_build/CMakeFiles/CMakeTmp

Run Build Command:"/usr/bin/make" "cmTC_03bcf/fast"
/usr/bin/make -f CMakeFiles/cmTC_03bcf.dir/build.make CMakeFiles/cmTC_03bcf.dir/build
make[1]: Entering directory '/home/browse/Documents/summer_2019/RASM/rasm-software/build/temp_build/CMakeFiles/CMakeTmp'
Building C object CMakeFiles/cmTC_03bcf.dir/CheckSymbolExists.c.o
/usr/bin/cc    -o CMakeFiles/cmTC_03bcf.dir/CheckSymbolExists.c.o   -c /home/browse/Documents/summer_2019/RASM/rasm-software/build/temp_build/CMakeFiles/CMakeTmp/CheckSymbolExists.c
Linking C executable cmTC_03bcf
/usr/bin/cmake -E cmake_link_script CMakeFiles/cmTC_03bcf.dir/link.txt --verbose=1
/usr/bin/cc      -rdynamic CMakeFiles/cmTC_03bcf.dir/CheckSymbolExists.c.o  -o cmTC_03bcf 
CMakeFiles/cmTC_03bcf.dir/CheckSymbolExists.c.o: In function `main':
CheckSymbolExists.c:(.text+0x1b): undefined reference to `pthread_create'
collect2: error: ld returned 1 exit status
CMakeFiles/cmTC_03bcf.dir/build.make:97: recipe for target 'cmTC_03bcf' failed
make[1]: *** [cmTC_03bcf] Error 1
make[1]: Leaving directory '/home/browse/Documents/summer_2019/RASM/rasm-software/build/temp_build/CMakeFiles/CMakeTmp'
Makefile:126: recipe for target 'cmTC_03bcf/fast' failed
make: *** [cmTC_03bcf/fast] Error 2

File /home/browse/Documents/summer_2019/RASM/rasm-software/build/temp_build/CMakeFiles/CMakeTmp/CheckSymbolExists.c:
/* */
#include <pthread.h>

int main(int argc, char** argv)
{
  (void)argv;
#ifndef pthread_create
  return ((int*)(&pthread_create))[argc];
#else
  (void)argc;
  return 0;
#endif
}

Determining if the function pthread_create exists in the pthreads failed with the following output:
Change Dir: /home/browse/Documents/summer_2019/RASM/rasm-software/build/temp_build/CMakeFiles/CMakeTmp

Run Build Command:"/usr/bin/make" "cmTC_8bea0/fast"
/usr/bin/make -f CMakeFiles/cmTC_8bea0.dir/build.make CMakeFiles/cmTC_8bea0.dir/build
make[1]: Entering directory '/home/browse/Documents/summer_2019/RASM/rasm-software/build/temp_build/CMakeFiles/CMakeTmp'
Building C object CMakeFiles/cmTC_8bea0.dir/CheckFunctionExists.c.o
/usr/bin/cc   -DCHECK_FUNCTION_EXISTS=pthread_create   -o CMakeFiles/cmTC_8bea0.dir/CheckFunctionExists.c.o   -c /usr/share/cmake-3.10/Modules/CheckFunctionExists.c
Linking C executable cmTC_8bea0
/usr/bin/cmake -E cmake_link_script CMakeFiles/cmTC_8bea0.dir/link.txt --verbose=1
/usr/bin/cc  -DCHECK_FUNCTION_EXISTS=pthread_create    -rdynamic CMakeFiles/cmTC_8bea0.dir/CheckFunctionExists.c.o  -o cmTC_8bea0 -lpthreads 
/usr/bin/ld: cannot find -lpthreads
collect2: error: ld returned 1 exit status
CMakeFiles/cmTC_8bea0.dir/build.make:97: recipe for target 'cmTC_8bea0' failed
make[1]: *** [cmTC_8bea0] Error 1
make[1]: Leaving directory '/home/browse/Documents/summer_2019/RASM/rasm-software/build/temp_build/CMakeFiles/CMakeTmp'
Makefile:126: recipe for target 'cmTC_8bea0/fast' failed
make: *** [cmTC_8bea0/fast] Error 2


Determining if the function sgesv exists failed with the following output:
Change Dir: /home/browse/Documents/summer_2019/RASM/rasm-software/build/temp_build/CMakeFiles/CMakeTmp

Run Build Command:"/usr/bin/make" "cmTC_ef3ff/fast"
/usr/bin/make -f CMakeFiles/cmTC_ef3ff.dir/build.make CMakeFiles/cmTC_ef3ff.dir/build
make[1]: Entering directory '/home/browse/Documents/summer_2019/RASM/rasm-software/build/temp_build/CMakeFiles/CMakeTmp'
Building C object CMakeFiles/cmTC_ef3ff.dir/CheckFunctionExists.c.o
/usr/bin/cc   -DCHECK_FUNCTION_EXISTS=sgesv   -o CMakeFiles/cmTC_ef3ff.dir/CheckFunctionExists.c.o   -c /usr/share/cmake-3.10/Modules/CheckFunctionExists.c
Linking C executable cmTC_ef3ff
/usr/bin/cmake -E cmake_link_script CMakeFiles/cmTC_ef3ff.dir/link.txt --verbose=1
/usr/bin/cc  -DCHECK_FUNCTION_EXISTS=sgesv    -rdynamic CMakeFiles/cmTC_ef3ff.dir/CheckFunctionExists.c.o  -o cmTC_ef3ff 
CMakeFiles/cmTC_ef3ff.dir/CheckFunctionExists.c.o: In function `main':
CheckFunctionExists.c:(.text+0x10): undefined reference to `sgesv'
collect2: error: ld returned 1 exit status
CMakeFiles/cmTC_ef3ff.dir/build.make:97: recipe for target 'cmTC_ef3ff' failed
make[1]: *** [cmTC_ef3ff] Error 1
make[1]: Leaving directory '/home/browse/Documents/summer_2019/RASM/rasm-software/build/temp_build/CMakeFiles/CMakeTmp'
Makefile:126: recipe for target 'cmTC_ef3ff/fast' failed
make: *** [cmTC_ef3ff/fast] Error 2


Determining if the function sgesv_ exists failed with the following output:
Change Dir: /home/browse/Documents/summer_2019/RASM/rasm-software/build/temp_build/CMakeFiles/CMakeTmp

Run Build Command:"/usr/bin/make" "cmTC_81547/fast"
/usr/bin/make -f CMakeFiles/cmTC_81547.dir/build.make CMakeFiles/cmTC_81547.dir/build
make[1]: Entering directory '/home/browse/Documents/summer_2019/RASM/rasm-software/build/temp_build/CMakeFiles/CMakeTmp'
Building C object CMakeFiles/cmTC_81547.dir/CheckFunctionExists.c.o
/usr/bin/cc   -DCHECK_FUNCTION_EXISTS=sgesv_   -o CMakeFiles/cmTC_81547.dir/CheckFunctionExists.c.o   -c /usr/share/cmake-3.10/Modules/CheckFunctionExists.c
Linking C executable cmTC_81547
/usr/bin/cmake -E cmake_link_script CMakeFiles/cmTC_81547.dir/link.txt --verbose=1
/usr/bin/cc  -DCHECK_FUNCTION_EXISTS=sgesv_    -rdynamic CMakeFiles/cmTC_81547.dir/CheckFunctionExists.c.o  -o cmTC_81547 
CMakeFiles/cmTC_81547.dir/CheckFunctionExists.c.o: In function `main':
CheckFunctionExists.c:(.text+0x10): undefined reference to `sgesv_'
collect2: error: ld returned 1 exit status
CMakeFiles/cmTC_81547.dir/build.make:97: recipe for target 'cmTC_81547' failed
make[1]: *** [cmTC_81547] Error 1
make[1]: Leaving directory '/home/browse/Documents/summer_2019/RASM/rasm-software/build/temp_build/CMakeFiles/CMakeTmp'
Makefile:126: recipe for target 'cmTC_81547/fast' failed
make: *** [cmTC_81547/fast] Error 2


